[2024] fetching hitters…
[2024] 742 hitters; fetching handedness…
[2024] stored 742 rows (455 with PA>=100) -> ../data/baseball.duckdb
[2025] fetching hitters…
[2025] 765 hitters; fetching handedness…
[2025] stored 765 rows (461 with PA>=100) -> ../data/baseball.duckdb
[2024] fetching pitchers…
[2024] 855 pitchers; fetching handedness…
[2024] stored 855 rows (208 starter-ish, IP>=30 & mostly starts) -> ../data/baseball.duckdb
[2025] fetching pitchers…
[2025] 873 pitchers; fetching handedness…
[2025] stored 873 rows (213 starter-ish, IP>=30 & mostly starts) -> ../data/baseball.duckdb
[2024] fetching batter statcast…
[2024] batter_statcast: stored 455 rows -> ../data/baseball.duckdb
[2024] fetching pitcher statcast…
[2024] pitcher_statcast: stored 351 rows -> ../data/baseball.duckdb
[2025] fetching batter statcast…
[2025] batter_statcast: stored 461 rows -> ../data/baseball.duckdb
[2025] fetching pitcher statcast…
[2025] pitcher_statcast: stored 339 rows -> ../data/baseball.duckdb
