=== season 2024 ===
  2024-03-15..2024-03-18: 13274 pitches -> 4580 PAs  (season total 4580)
  2024-03-19..2024-03-22: 11393 pitches -> 4025 PAs  (season total 8605)
  2024-03-23..2024-03-26: 14665 pitches -> 4364 PAs  (season total 12969)
  2024-03-27..2024-03-30: 11535 pitches -> 2931 PAs  (season total 15900)
  2024-03-31..2024-04-03: 16071 pitches -> 4147 PAs  (season total 20047)
  2024-04-04..2024-04-07: 14410 pitches -> 3644 PAs  (season total 23691)
  2024-04-08..2024-04-11: 13760 pitches -> 3508 PAs  (season total 27199)
  2024-04-12..2024-04-15: 18175 pitches -> 4634 PAs  (season total 31833)
  2024-04-16..2024-04-19: 14165 pitches -> 3578 PAs  (season total 35411)
  2024-04-20..2024-04-23: 16628 pitches -> 4307 PAs  (season total 39718)
  2024-04-24..2024-04-27: 15847 pitches -> 4081 PAs  (season total 43799)
  2024-04-28..2024-05-01: 16302 pitches -> 4199 PAs  (season total 47998)
  2024-05-02..2024-05-05: 14984 pitches -> 3816 PAs  (season total 51814)
  2024-05-06..2024-05-09: 13578 pitches -> 3534 PAs  (season total 55348)
  2024-05-10..2024-05-13: 17053 pitches -> 4378 PAs  (season total 59726)
  2024-05-14..2024-05-17: 14813 pitches -> 3793 PAs  (season total 63519)
  2024-05-18..2024-05-21: 16211 pitches -> 4208 PAs  (season total 67727)
  2024-05-22..2024-05-25: 15120 pitches -> 3936 PAs  (season total 71663)
  2024-05-26..2024-05-29: 16113 pitches -> 4149 PAs  (season total 75812)
  2024-05-30..2024-06-02: 15476 pitches -> 3999 PAs  (season total 79811)
  2024-06-03..2024-06-06: 13448 pitches -> 3494 PAs  (season total 83305)
  2024-06-07..2024-06-10: 15021 pitches -> 3849 PAs  (season total 87154)
  2024-06-11..2024-06-14: 16183 pitches -> 4166 PAs  (season total 91320)
  2024-06-15..2024-06-18: 15765 pitches -> 4083 PAs  (season total 95403)
  2024-06-19..2024-06-22: 15284 pitches -> 3977 PAs  (season total 99380)
  2024-06-23..2024-06-26: 15983 pitches -> 4116 PAs  (season total 103496)
  2024-06-27..2024-06-30: 15881 pitches -> 4096 PAs  (season total 107592)
  2024-07-01..2024-07-04: 14181 pitches -> 3621 PAs  (season total 111213)
  2024-07-05..2024-07-08: 15430 pitches -> 3982 PAs  (season total 115195)
  2024-07-09..2024-07-12: 16487 pitches -> 4243 PAs  (season total 119438)
  2024-07-13..2024-07-16:  9316 pitches -> 2420 PAs  (season total 121858)
  2024-07-17..2024-07-20:  8763 pitches -> 2186 PAs  (season total 124044)
  2024-07-21..2024-07-24: 16514 pitches -> 4248 PAs  (season total 128292)
  2024-07-25..2024-07-28: 16018 pitches -> 4109 PAs  (season total 132401)
  2024-07-29..2024-08-01: 13621 pitches -> 3536 PAs  (season total 135937)
  2024-08-02..2024-08-05: 16032 pitches -> 4073 PAs  (season total 140010)
  2024-08-06..2024-08-09: 16465 pitches -> 4232 PAs  (season total 144242)
  2024-08-10..2024-08-13: 16305 pitches -> 4162 PAs  (season total 148404)
  2024-08-14..2024-08-17: 15031 pitches -> 3807 PAs  (season total 152211)
  2024-08-18..2024-08-21: 15853 pitches -> 4095 PAs  (season total 156306)
  2024-08-22..2024-08-25: 16080 pitches -> 4103 PAs  (season total 160409)
  2024-08-26..2024-08-29: 15263 pitches -> 3939 PAs  (season total 164348)
  2024-08-30..2024-09-02: 16898 pitches -> 4310 PAs  (season total 168658)
  2024-09-03..2024-09-06: 15147 pitches -> 3840 PAs  (season total 172498)
  2024-09-07..2024-09-10: 15939 pitches -> 4111 PAs  (season total 176609)
  2024-09-11..2024-09-14: 15257 pitches -> 3950 PAs  (season total 180559)
  2024-09-15..2024-09-18: 16295 pitches -> 4143 PAs  (season total 184702)
  2024-09-19..2024-09-22: 16950 pitches -> 4315 PAs  (season total 189017)
  2024-09-23..2024-09-26: 12304 pitches -> 3155 PAs  (season total 192172)
  2024-09-27..2024-09-30: 13500 pitches -> 3448 PAs  (season total 195620)
  2024-10-01..2024-10-04:  2495 pitches ->  650 PAs  (season total 196270)
  2024-10-05..2024-10-08:  2948 pitches ->  745 PAs  (season total 197015)
  2024-10-09..2024-10-12:  2268 pitches ->  581 PAs  (season total 197596)
  2024-10-13..2024-10-16:  1600 pitches ->  387 PAs  (season total 197983)
  2024-10-17..2024-10-20:  1968 pitches ->  518 PAs  (season total 198501)
  2024-10-21..2024-10-24:     0 pitches ->    0 PAs  (season total 198501)
  2024-10-25..2024-10-28:   939 pitches ->  226 PAs  (season total 198727)
  2024-10-29..2024-11-01:   650 pitches ->  165 PAs  (season total 198892)
  2024-11-02..2024-11-05:     0 pitches ->    0 PAs  (season total 198892)
  2024-11-06..2024-11-09:     0 pitches ->    0 PAs  (season total 198892)
  2024-11-10..2024-11-13:     0 pitches ->    0 PAs  (season total 198892)
  2024-11-14..2024-11-15:     0 pitches ->    0 PAs  (season total 198892)
season 2024: 198892 plate appearances stored
--- pa_events by season ---
  2024: 198892
