=== season 2025 ===
  2025-03-15..2025-03-18: 19020 pitches -> 4837 PAs  (season total 4837)
  2025-03-19..2025-03-22: 17085 pitches -> 4418 PAs  (season total 9255)
  2025-03-23..2025-03-26: 11890 pitches -> 3062 PAs  (season total 12317)
  2025-03-27..2025-03-30: 14856 pitches -> 3782 PAs  (season total 16099)
  2025-03-31..2025-04-03: 13749 pitches -> 3514 PAs  (season total 19613)
  2025-04-04..2025-04-07: 16027 pitches -> 4124 PAs  (season total 23737)
  2025-04-08..2025-04-11: 14725 pitches -> 3771 PAs  (season total 27508)
  2025-04-12..2025-04-15: 15959 pitches -> 4039 PAs  (season total 31547)
  2025-04-16..2025-04-19: 15840 pitches -> 4051 PAs  (season total 35598)
  2025-04-20..2025-04-23: 15728 pitches -> 4068 PAs  (season total 39666)
  2025-04-24..2025-04-27: 15919 pitches -> 4057 PAs  (season total 43723)
  2025-04-28..2025-05-01: 14213 pitches -> 3728 PAs  (season total 47451)
  2025-05-02..2025-05-05: 15736 pitches -> 4044 PAs  (season total 51495)
  2025-05-06..2025-05-09: 15960 pitches -> 4130 PAs  (season total 55625)
  2025-05-10..2025-05-13: 15654 pitches -> 4084 PAs  (season total 59709)
  2025-05-14..2025-05-17: 15654 pitches -> 3987 PAs  (season total 63696)
  2025-05-18..2025-05-21: 15826 pitches -> 4078 PAs  (season total 67774)
  2025-05-22..2025-05-25: 16054 pitches -> 4157 PAs  (season total 71931)
  2025-05-26..2025-05-29: 13453 pitches -> 3480 PAs  (season total 75411)
  2025-05-30..2025-06-02: 15160 pitches -> 3882 PAs  (season total 79293)
  2025-06-03..2025-06-06: 16394 pitches -> 4258 PAs  (season total 83551)
  2025-06-07..2025-06-10: 15996 pitches -> 4156 PAs  (season total 87707)
  2025-06-11..2025-06-14: 15374 pitches -> 3985 PAs  (season total 91692)
  2025-06-15..2025-06-18: 13970 pitches -> 3620 PAs  (season total 95312)
  2025-06-19..2025-06-22: 18109 pitches -> 4704 PAs  (season total 100016)
  2025-06-23..2025-06-26: 13741 pitches -> 3546 PAs  (season total 103562)
  2025-06-27..2025-06-30: 15859 pitches -> 4135 PAs  (season total 107697)
  2025-07-01..2025-07-04: 16126 pitches -> 4161 PAs  (season total 111858)
  2025-07-05..2025-07-08: 15936 pitches -> 4113 PAs  (season total 115971)
  2025-07-09..2025-07-12: 16005 pitches -> 4145 PAs  (season total 120116)
  2025-07-13..2025-07-16:  4657 pitches -> 1188 PAs  (season total 121304)
  2025-07-17..2025-07-20: 12959 pitches -> 3384 PAs  (season total 124688)
  2025-07-21..2025-07-24: 14257 pitches -> 3760 PAs  (season total 128448)
  2025-07-25..2025-07-28: 17681 pitches -> 4533 PAs  (season total 132981)
  2025-07-29..2025-08-01: 14471 pitches -> 3761 PAs  (season total 136742)
  2025-08-02..2025-08-05: 16749 pitches -> 4308 PAs  (season total 141050)
  2025-08-06..2025-08-09: 14822 pitches -> 3760 PAs  (season total 144810)
  2025-08-10..2025-08-13: 16524 pitches -> 4234 PAs  (season total 149044)
  2025-08-14..2025-08-17: 15450 pitches -> 3956 PAs  (season total 153000)
  2025-08-18..2025-08-21: 15161 pitches -> 3895 PAs  (season total 156895)
  2025-08-22..2025-08-25: 16414 pitches -> 4236 PAs  (season total 161131)
  2025-08-26..2025-08-29: 15890 pitches -> 4052 PAs  (season total 165183)
  2025-08-30..2025-09-02: 16845 pitches -> 4333 PAs  (season total 169516)
  2025-09-03..2025-09-06: 15228 pitches -> 3865 PAs  (season total 173381)
  2025-09-07..2025-09-10: 16533 pitches -> 4167 PAs  (season total 177548)
  2025-09-11..2025-09-14: 15923 pitches -> 4057 PAs  (season total 181605)
  2025-09-15..2025-09-18: 14899 pitches -> 3773 PAs  (season total 185378)
  2025-09-19..2025-09-22: 14435 pitches -> 3725 PAs  (season total 189103)
  2025-09-23..2025-09-26: 16511 pitches -> 4203 PAs  (season total 193306)
  2025-09-27..2025-09-30:  9899 pitches -> 2466 PAs  (season total 195772)
  2025-10-01..2025-10-04:  3245 pitches ->  825 PAs  (season total 196597)
  2025-10-05..2025-10-08:  2949 pitches ->  760 PAs  (season total 197357)
  2025-10-09..2025-10-12:  1622 pitches ->  412 PAs  (season total 197769)
  2025-10-13..2025-10-16:  1777 pitches ->  450 PAs  (season total 198219)
  2025-10-17..2025-10-20:  1084 pitches ->  289 PAs  (season total 198508)
  2025-10-21..2025-10-24:   327 pitches ->   78 PAs  (season total 198586)
  2025-10-25..2025-10-28:  1135 pitches ->  299 PAs  (season total 198885)
  2025-10-29..2025-11-01:   967 pitches ->  243 PAs  (season total 199128)
  2025-11-02..2025-11-05:     0 pitches ->    0 PAs  (season total 199128)
  2025-11-06..2025-11-09:     0 pitches ->    0 PAs  (season total 199128)
  2025-11-10..2025-11-13:     0 pitches ->    0 PAs  (season total 199128)
  2025-11-14..2025-11-15:     0 pitches ->    0 PAs  (season total 199128)
season 2025: 199128 plate appearances stored
=== season 2026 ===
  2026-03-15..2026-03-18: 14866 pitches -> 3809 PAs  (season total 3809)
  2026-03-19..2026-03-22: 17449 pitches -> 4509 PAs  (season total 8318)
  2026-03-23..2026-03-26: 10969 pitches -> 2865 PAs  (season total 11183)
  2026-03-27..2026-03-30: 15030 pitches -> 3785 PAs  (season total 14968)
  2026-03-31..2026-04-03: 13524 pitches -> 3426 PAs  (season total 18394)
  2026-04-04..2026-04-07: 17990 pitches -> 4520 PAs  (season total 22914)
  2026-04-08..2026-04-11: 15164 pitches -> 3862 PAs  (season total 26776)
  2026-04-12..2026-04-15: 16148 pitches -> 4176 PAs  (season total 30952)
  2026-04-16..2026-04-19: 16846 pitches -> 4290 PAs  (season total 35242)
  2026-04-20..2026-04-23: 14668 pitches -> 3782 PAs  (season total 39024)
  2026-04-24..2026-04-27: 15502 pitches -> 3973 PAs  (season total 42997)
  2026-04-28..2026-05-01: 16033 pitches -> 4113 PAs  (season total 47110)
  2026-05-02..2026-05-05: 15543 pitches -> 4116 PAs  (season total 51226)
  2026-05-06..2026-05-09: 15876 pitches -> 4037 PAs  (season total 55263)
  2026-05-10..2026-05-13: 14921 pitches -> 3807 PAs  (season total 59070)
  2026-05-14..2026-05-17: 16360 pitches -> 4260 PAs  (season total 63330)
  2026-05-18..2026-05-21: 14733 pitches -> 3844 PAs  (season total 67174)
  2026-05-22..2026-05-25: 16188 pitches -> 4171 PAs  (season total 71345)
  2026-05-26..2026-05-29: 14696 pitches -> 3879 PAs  (season total 75224)
  2026-05-30..2026-06-02: 16151 pitches -> 4135 PAs  (season total 79359)
  2026-06-03..2026-06-06: 15582 pitches -> 4008 PAs  (season total 83367)
  2026-06-07..2026-06-10: 16372 pitches -> 4167 PAs  (season total 87534)
  2026-06-11..2026-06-14: 14954 pitches -> 3854 PAs  (season total 91388)
  2026-06-15..2026-06-18:     0 pitches ->    0 PAs  (season total 91388)
  2026-06-19..2026-06-22:     0 pitches ->    0 PAs  (season total 91388)
  2026-06-23..2026-06-26:     0 pitches ->    0 PAs  (season total 91388)
  2026-06-27..2026-06-30:     0 pitches ->    0 PAs  (season total 91388)
  2026-07-01..2026-07-04:     0 pitches ->    0 PAs  (season total 91388)
  2026-07-05..2026-07-08:     0 pitches ->    0 PAs  (season total 91388)
  2026-07-09..2026-07-12:     0 pitches ->    0 PAs  (season total 91388)
  2026-07-13..2026-07-16:     0 pitches ->    0 PAs  (season total 91388)
  2026-07-17..2026-07-20:     0 pitches ->    0 PAs  (season total 91388)
  2026-07-21..2026-07-24:     0 pitches ->    0 PAs  (season total 91388)
  2026-07-25..2026-07-28:     0 pitches ->    0 PAs  (season total 91388)
  2026-07-29..2026-08-01:     0 pitches ->    0 PAs  (season total 91388)
  2026-08-02..2026-08-05:     0 pitches ->    0 PAs  (season total 91388)
  2026-08-06..2026-08-09:     0 pitches ->    0 PAs  (season total 91388)
  2026-08-10..2026-08-13:     0 pitches ->    0 PAs  (season total 91388)
  2026-08-14..2026-08-17:     0 pitches ->    0 PAs  (season total 91388)
  2026-08-18..2026-08-21:     0 pitches ->    0 PAs  (season total 91388)
  2026-08-22..2026-08-25:     0 pitches ->    0 PAs  (season total 91388)
  2026-08-26..2026-08-29:     0 pitches ->    0 PAs  (season total 91388)
  2026-08-30..2026-09-02:     0 pitches ->    0 PAs  (season total 91388)
  2026-09-03..2026-09-06:     0 pitches ->    0 PAs  (season total 91388)
  2026-09-07..2026-09-10:     0 pitches ->    0 PAs  (season total 91388)
  2026-09-11..2026-09-14:     0 pitches ->    0 PAs  (season total 91388)
  2026-09-15..2026-09-18:     0 pitches ->    0 PAs  (season total 91388)
  2026-09-19..2026-09-22:     0 pitches ->    0 PAs  (season total 91388)
  2026-09-23..2026-09-26:     0 pitches ->    0 PAs  (season total 91388)
  2026-09-27..2026-09-30:     0 pitches ->    0 PAs  (season total 91388)
  2026-10-01..2026-10-04:     0 pitches ->    0 PAs  (season total 91388)
  2026-10-05..2026-10-08:     0 pitches ->    0 PAs  (season total 91388)
  2026-10-09..2026-10-12:     0 pitches ->    0 PAs  (season total 91388)
  2026-10-13..2026-10-16:     0 pitches ->    0 PAs  (season total 91388)
  2026-10-17..2026-10-20:     0 pitches ->    0 PAs  (season total 91388)
  2026-10-21..2026-10-24:     0 pitches ->    0 PAs  (season total 91388)
  2026-10-25..2026-10-28:     0 pitches ->    0 PAs  (season total 91388)
  2026-10-29..2026-11-01:     0 pitches ->    0 PAs  (season total 91388)
  2026-11-02..2026-11-05:     0 pitches ->    0 PAs  (season total 91388)
  2026-11-06..2026-11-09:     0 pitches ->    0 PAs  (season total 91388)
  2026-11-10..2026-11-13:     0 pitches ->    0 PAs  (season total 91388)
  2026-11-14..2026-11-15:     0 pitches ->    0 PAs  (season total 91388)
season 2026: 91388 plate appearances stored
--- pa_events by season ---
  2024: 198892
  2025: 199128
  2026: 91388
